[2025-12-25 15:10:47] START run_daily_matches
>>> TEMPLATE DIR: templates
>>> STATIC DIR: /Users/davidelescio/Library/CloudStorage/GoogleDrive-ddlescio@gmail.com/Altri computer/Il mio laptop (1)/PROGRAMMAZIONE/LOCALCARE/static
>>> WORKING DIR: /Users/davidelescio/Library/CloudStorage/GoogleDrive-ddlescio@gmail.com/Altri computer/Il mio laptop (1)/PROGRAMMAZIONE/LOCALCARE
>>> FILE APP.PY: /Users/davidelescio/Library/CloudStorage/GoogleDrive-ddlescio@gmail.com/Altri computer/Il mio laptop (1)/PROGRAMMAZIONE/LOCALCARE/app.py
Percorso database usato: /Users/davidelescio/Library/CloudStorage/GoogleDrive-ddlescio@gmail.com/Altri computer/Il mio laptop (1)/PROGRAMMAZIONE/LOCALCARE/database.db
[2025-12-25T15:10:47] match inseriti: 0
[2025-12-25 15:10:47] END run_daily_matches
--------------------------------------------------
[2025-12-26 14:18:33] START run_daily_matches
>>> TEMPLATE DIR: templates
>>> STATIC DIR: /Users/davidelescio/Library/CloudStorage/GoogleDrive-ddlescio@gmail.com/Altri computer/Il mio laptop (1)/PROGRAMMAZIONE/LOCALCARE/static
>>> WORKING DIR: /Users/davidelescio/Library/CloudStorage/GoogleDrive-ddlescio@gmail.com/Altri computer/Il mio laptop (1)/PROGRAMMAZIONE/LOCALCARE
>>> FILE APP.PY: /Users/davidelescio/Library/CloudStorage/GoogleDrive-ddlescio@gmail.com/Altri computer/Il mio laptop (1)/PROGRAMMAZIONE/LOCALCARE/app.py
Percorso database usato: /Users/davidelescio/Library/CloudStorage/GoogleDrive-ddlescio@gmail.com/Altri computer/Il mio laptop (1)/PROGRAMMAZIONE/LOCALCARE/database.db
[2025-12-26T14:18:34] match inseriti: 1
[2025-12-26 14:18:34] END run_daily_matches
--------------------------------------------------
[2025-12-26 14:27:36] START run_daily_matches
>>> TEMPLATE DIR: templates
>>> STATIC DIR: /Users/davidelescio/Library/CloudStorage/GoogleDrive-ddlescio@gmail.com/Altri computer/Il mio laptop (1)/PROGRAMMAZIONE/LOCALCARE/static
>>> WORKING DIR: /Users/davidelescio/Library/CloudStorage/GoogleDrive-ddlescio@gmail.com/Altri computer/Il mio laptop (1)/PROGRAMMAZIONE/LOCALCARE
>>> FILE APP.PY: /Users/davidelescio/Library/CloudStorage/GoogleDrive-ddlescio@gmail.com/Altri computer/Il mio laptop (1)/PROGRAMMAZIONE/LOCALCARE/app.py
Percorso database usato: /Users/davidelescio/Library/CloudStorage/GoogleDrive-ddlescio@gmail.com/Altri computer/Il mio laptop (1)/PROGRAMMAZIONE/LOCALCARE/database.db
[2025-12-26T14:27:36] match inseriti: 1
[2025-12-26 14:27:36] END run_daily_matches
--------------------------------------------------
[2025-12-26 14:38:20] START run_daily_matches
>>> TEMPLATE DIR: templates
>>> STATIC DIR: /Users/davidelescio/Library/CloudStorage/GoogleDrive-ddlescio@gmail.com/Altri computer/Il mio laptop (1)/PROGRAMMAZIONE/LOCALCARE/static
>>> WORKING DIR: /Users/davidelescio/Library/CloudStorage/GoogleDrive-ddlescio@gmail.com/Altri computer/Il mio laptop (1)/PROGRAMMAZIONE/LOCALCARE
>>> FILE APP.PY: /Users/davidelescio/Library/CloudStorage/GoogleDrive-ddlescio@gmail.com/Altri computer/Il mio laptop (1)/PROGRAMMAZIONE/LOCALCARE/app.py
Percorso database usato: /Users/davidelescio/Library/CloudStorage/GoogleDrive-ddlescio@gmail.com/Altri computer/Il mio laptop (1)/PROGRAMMAZIONE/LOCALCARE/database.db
[2025-12-26T14:38:21] match inseriti: 2
[2025-12-26 14:38:21] END run_daily_matches
--------------------------------------------------
[2025-12-28 00:34:41] START run_daily_matches
>>> TEMPLATE DIR: templates
>>> STATIC DIR: /Users/davidelescio/Library/CloudStorage/GoogleDrive-ddlescio@gmail.com/Altri computer/Il mio laptop (1)/PROGRAMMAZIONE/LOCALCARE/static
>>> WORKING DIR: /Users/davidelescio/Library/CloudStorage/GoogleDrive-ddlescio@gmail.com/Altri computer/Il mio laptop (1)/PROGRAMMAZIONE/LOCALCARE
>>> FILE APP.PY: /Users/davidelescio/Library/CloudStorage/GoogleDrive-ddlescio@gmail.com/Altri computer/Il mio laptop (1)/PROGRAMMAZIONE/LOCALCARE/app.py
Percorso database usato: /Users/davidelescio/Library/CloudStorage/GoogleDrive-ddlescio@gmail.com/Altri computer/Il mio laptop (1)/PROGRAMMAZIONE/LOCALCARE/database.db
[2025-12-28T00:34:41] match inseriti: 1
[2025-12-28 00:34:41] END run_daily_matches
--------------------------------------------------
[2025-12-28 00:38:32] START run_daily_matches
>>> TEMPLATE DIR: templates
>>> STATIC DIR: /Users/davidelescio/Library/CloudStorage/GoogleDrive-ddlescio@gmail.com/Altri computer/Il mio laptop (1)/PROGRAMMAZIONE/LOCALCARE/static
>>> WORKING DIR: /Users/davidelescio/Library/CloudStorage/GoogleDrive-ddlescio@gmail.com/Altri computer/Il mio laptop (1)/PROGRAMMAZIONE/LOCALCARE
>>> FILE APP.PY: /Users/davidelescio/Library/CloudStorage/GoogleDrive-ddlescio@gmail.com/Altri computer/Il mio laptop (1)/PROGRAMMAZIONE/LOCALCARE/app.py
Percorso database usato: /Users/davidelescio/Library/CloudStorage/GoogleDrive-ddlescio@gmail.com/Altri computer/Il mio laptop (1)/PROGRAMMAZIONE/LOCALCARE/database.db
[2025-12-28T00:38:33] match inseriti: 1
[2025-12-28 00:38:33] END run_daily_matches
--------------------------------------------------
[2025-12-28 00:43:57] START run_daily_matches
>>> TEMPLATE DIR: templates
>>> STATIC DIR: /Users/davidelescio/Library/CloudStorage/GoogleDrive-ddlescio@gmail.com/Altri computer/Il mio laptop (1)/PROGRAMMAZIONE/LOCALCARE/static
>>> WORKING DIR: /Users/davidelescio/Library/CloudStorage/GoogleDrive-ddlescio@gmail.com/Altri computer/Il mio laptop (1)/PROGRAMMAZIONE/LOCALCARE
>>> FILE APP.PY: /Users/davidelescio/Library/CloudStorage/GoogleDrive-ddlescio@gmail.com/Altri computer/Il mio laptop (1)/PROGRAMMAZIONE/LOCALCARE/app.py
Percorso database usato: /Users/davidelescio/Library/CloudStorage/GoogleDrive-ddlescio@gmail.com/Altri computer/Il mio laptop (1)/PROGRAMMAZIONE/LOCALCARE/database.db
[2025-12-28T00:43:58] match inseriti: 1
[2025-12-28 00:43:58] END run_daily_matches
--------------------------------------------------
[2025-12-28 00:52:48] START run_daily_matches
>>> TEMPLATE DIR: templates
>>> STATIC DIR: /Users/davidelescio/Library/CloudStorage/GoogleDrive-ddlescio@gmail.com/Altri computer/Il mio laptop (1)/PROGRAMMAZIONE/LOCALCARE/static
>>> WORKING DIR: /Users/davidelescio/Library/CloudStorage/GoogleDrive-ddlescio@gmail.com/Altri computer/Il mio laptop (1)/PROGRAMMAZIONE/LOCALCARE
>>> FILE APP.PY: /Users/davidelescio/Library/CloudStorage/GoogleDrive-ddlescio@gmail.com/Altri computer/Il mio laptop (1)/PROGRAMMAZIONE/LOCALCARE/app.py
Percorso database usato: /Users/davidelescio/Library/CloudStorage/GoogleDrive-ddlescio@gmail.com/Altri computer/Il mio laptop (1)/PROGRAMMAZIONE/LOCALCARE/database.db
[2025-12-28T00:52:48] match inseriti: 1
[2025-12-28 00:52:48] END run_daily_matches
--------------------------------------------------
[2025-12-28 01:01:47] START run_daily_matches
>>> TEMPLATE DIR: templates
>>> STATIC DIR: /Users/davidelescio/Library/CloudStorage/GoogleDrive-ddlescio@gmail.com/Altri computer/Il mio laptop (1)/PROGRAMMAZIONE/LOCALCARE/static
>>> WORKING DIR: /Users/davidelescio/Library/CloudStorage/GoogleDrive-ddlescio@gmail.com/Altri computer/Il mio laptop (1)/PROGRAMMAZIONE/LOCALCARE
>>> FILE APP.PY: /Users/davidelescio/Library/CloudStorage/GoogleDrive-ddlescio@gmail.com/Altri computer/Il mio laptop (1)/PROGRAMMAZIONE/LOCALCARE/app.py
Percorso database usato: /Users/davidelescio/Library/CloudStorage/GoogleDrive-ddlescio@gmail.com/Altri computer/Il mio laptop (1)/PROGRAMMAZIONE/LOCALCARE/database.db
[2025-12-28T01:01:47] match inseriti: 1
[2025-12-28 01:01:47] END run_daily_matches
--------------------------------------------------
[2025-12-28 01:10:06] START run_daily_matches
>>> TEMPLATE DIR: templates
>>> STATIC DIR: /Users/davidelescio/Library/CloudStorage/GoogleDrive-ddlescio@gmail.com/Altri computer/Il mio laptop (1)/PROGRAMMAZIONE/LOCALCARE/static
>>> WORKING DIR: /Users/davidelescio/Library/CloudStorage/GoogleDrive-ddlescio@gmail.com/Altri computer/Il mio laptop (1)/PROGRAMMAZIONE/LOCALCARE
>>> FILE APP.PY: /Users/davidelescio/Library/CloudStorage/GoogleDrive-ddlescio@gmail.com/Altri computer/Il mio laptop (1)/PROGRAMMAZIONE/LOCALCARE/app.py
Percorso database usato: /Users/davidelescio/Library/CloudStorage/GoogleDrive-ddlescio@gmail.com/Altri computer/Il mio laptop (1)/PROGRAMMAZIONE/LOCALCARE/database.db
[2025-12-28T01:10:07] match inseriti: 1
[2025-12-28 01:10:07] END run_daily_matches
--------------------------------------------------
[2025-12-28 08:58:16] START run_daily_matches
>>> TEMPLATE DIR: templates
>>> STATIC DIR: /Users/davidelescio/Library/CloudStorage/GoogleDrive-ddlescio@gmail.com/Altri computer/Il mio laptop (1)/PROGRAMMAZIONE/LOCALCARE/static
>>> WORKING DIR: /Users/davidelescio/Library/CloudStorage/GoogleDrive-ddlescio@gmail.com/Altri computer/Il mio laptop (1)/PROGRAMMAZIONE/LOCALCARE
>>> FILE APP.PY: /Users/davidelescio/Library/CloudStorage/GoogleDrive-ddlescio@gmail.com/Altri computer/Il mio laptop (1)/PROGRAMMAZIONE/LOCALCARE/app.py
Percorso database usato: /Users/davidelescio/Library/CloudStorage/GoogleDrive-ddlescio@gmail.com/Altri computer/Il mio laptop (1)/PROGRAMMAZIONE/LOCALCARE/database.db
[2025-12-28T08:58:17] match inseriti: 1
[2025-12-28 08:58:17] END run_daily_matches
--------------------------------------------------
[2025-12-28 19:57:01] START run_daily_matches
>>> TEMPLATE DIR: templates
>>> STATIC DIR: /Users/davidelescio/Library/CloudStorage/GoogleDrive-ddlescio@gmail.com/Altri computer/Il mio laptop (1)/PROGRAMMAZIONE/LOCALCARE/static
>>> WORKING DIR: /Users/davidelescio/Library/CloudStorage/GoogleDrive-ddlescio@gmail.com/Altri computer/Il mio laptop (1)/PROGRAMMAZIONE/LOCALCARE
>>> FILE APP.PY: /Users/davidelescio/Library/CloudStorage/GoogleDrive-ddlescio@gmail.com/Altri computer/Il mio laptop (1)/PROGRAMMAZIONE/LOCALCARE/app.py
Percorso database usato: /Users/davidelescio/Library/CloudStorage/GoogleDrive-ddlescio@gmail.com/Altri computer/Il mio laptop (1)/PROGRAMMAZIONE/LOCALCARE/database.db
[2025-12-28T19:57:02] match inseriti: 1
[2025-12-28 19:57:02] END run_daily_matches
--------------------------------------------------
[2025-12-28 20:10:16] START run_daily_matches
>>> TEMPLATE DIR: templates
>>> STATIC DIR: /Users/davidelescio/Library/CloudStorage/GoogleDrive-ddlescio@gmail.com/Altri computer/Il mio laptop (1)/PROGRAMMAZIONE/LOCALCARE/static
>>> WORKING DIR: /Users/davidelescio/Library/CloudStorage/GoogleDrive-ddlescio@gmail.com/Altri computer/Il mio laptop (1)/PROGRAMMAZIONE/LOCALCARE
>>> FILE APP.PY: /Users/davidelescio/Library/CloudStorage/GoogleDrive-ddlescio@gmail.com/Altri computer/Il mio laptop (1)/PROGRAMMAZIONE/LOCALCARE/app.py
Percorso database usato: /Users/davidelescio/Library/CloudStorage/GoogleDrive-ddlescio@gmail.com/Altri computer/Il mio laptop (1)/PROGRAMMAZIONE/LOCALCARE/database.db
[2025-12-28T20:10:17] match inseriti: 1
[2025-12-28 20:10:17] END run_daily_matches
--------------------------------------------------
[2025-12-28 20:24:22] START run_daily_matches
>>> TEMPLATE DIR: templates
>>> STATIC DIR: /Users/davidelescio/Library/CloudStorage/GoogleDrive-ddlescio@gmail.com/Altri computer/Il mio laptop (1)/PROGRAMMAZIONE/LOCALCARE/static
>>> WORKING DIR: /Users/davidelescio/Library/CloudStorage/GoogleDrive-ddlescio@gmail.com/Altri computer/Il mio laptop (1)/PROGRAMMAZIONE/LOCALCARE
>>> FILE APP.PY: /Users/davidelescio/Library/CloudStorage/GoogleDrive-ddlescio@gmail.com/Altri computer/Il mio laptop (1)/PROGRAMMAZIONE/LOCALCARE/app.py
Percorso database usato: /Users/davidelescio/Library/CloudStorage/GoogleDrive-ddlescio@gmail.com/Altri computer/Il mio laptop (1)/PROGRAMMAZIONE/LOCALCARE/database.db
[2025-12-28T20:24:22] match inseriti: 2
[2025-12-28 20:24:22] END run_daily_matches
--------------------------------------------------
[2025-12-28 20:30:26] START run_daily_matches
>>> TEMPLATE DIR: templates
>>> STATIC DIR: /Users/davidelescio/Library/CloudStorage/GoogleDrive-ddlescio@gmail.com/Altri computer/Il mio laptop (1)/PROGRAMMAZIONE/LOCALCARE/static
>>> WORKING DIR: /Users/davidelescio/Library/CloudStorage/GoogleDrive-ddlescio@gmail.com/Altri computer/Il mio laptop (1)/PROGRAMMAZIONE/LOCALCARE
>>> FILE APP.PY: /Users/davidelescio/Library/CloudStorage/GoogleDrive-ddlescio@gmail.com/Altri computer/Il mio laptop (1)/PROGRAMMAZIONE/LOCALCARE/app.py
Percorso database usato: /Users/davidelescio/Library/CloudStorage/GoogleDrive-ddlescio@gmail.com/Altri computer/Il mio laptop (1)/PROGRAMMAZIONE/LOCALCARE/database.db
[2025-12-28T20:30:27] match inseriti: 2
[2025-12-28 20:30:27] END run_daily_matches
--------------------------------------------------
